<?xml version="1.0" encoding="UTF-8"?>
<!-- Generated by org.testng.reporters.JUnitXMLReporter -->
<testsuite ignored="0" hostname="DESKTOP-CDG2P57" failures="1" tests="1" name="Test" time="11.59" errors="0" timestamp="2024-02-28T17:28:56 IST">
  <testcase classname="testNGPackage.Assert3param" name="loginToAmazon" time="11.567">
    <failure type="java.lang.AssertionError" message="expected [false] but found [true]">
      <![CDATA[java.lang.AssertionError: expected [false] but found [true]
at testNGPackage.Assert3param.loginToAmazon(Assert3param.java:30)
at java.base/java.util.ArrayList.forEach(ArrayList.java:1511)
... Removed 33 stack frames]]>
    </failure>
  </testcase> <!-- loginToAmazon -->
</testsuite> <!-- Test -->
