<?xml version="1.0" encoding="UTF-8"?>
<!-- Generated by org.testng.reporters.JUnitXMLReporter -->
<testsuite ignored="0" hostname="DESKTOP-CDG2P57" failures="0" tests="8" name="fbTest" time="30.316" errors="0" timestamp="2024-02-23T15:56:54 IST">
  <testcase classname="testNGPackage.Facbook4col" name="method1_for_facebookreg" time="7.924"/>
  <testcase classname="testNGPackage.Facbook4col" name="method1_for_facebookreg" time="3.195"/>
  <testcase classname="testNGPackage.Facbook4col" name="method1_for_facebookreg" time="3.218"/>
  <testcase classname="testNGPackage.Facbook4col" name="method1_for_facebookreg" time="2.894"/>
  <testcase classname="testNGPackage.Facbook4col" name="method1_for_facebookreg" time="3.029"/>
  <testcase classname="testNGPackage.Facbook4col" name="method1_for_facebookreg" time="3.029"/>
  <testcase classname="testNGPackage.Facbook4col" name="method1_for_facebookreg" time="2.969"/>
  <testcase classname="testNGPackage.Facbook4col" name="method1_for_facebookreg" time="4.018"/>
</testsuite> <!-- fbTest -->
