<?xml version="1.0" encoding="UTF-8"?>
<!-- Generated by org.testng.reporters.JUnitXMLReporter -->
<testsuite ignored="0" hostname="DESKTOP-CDG2P57" failures="0" tests="5" name="Default test" time="0.047" errors="0" timestamp="2024-02-16T17:15:17 IST">
  <testcase classname="selenumprog.Grouptetsing" name="add" time="0.006"/>
  <testcase classname="selenumprog.Grouptetsing" name="div" time="0.001"/>
  <testcase classname="selenumprog.Grouptetsing" name="mod" time="0.001"/>
  <testcase classname="selenumprog.Grouptetsing" name="mult" time="0.001"/>
  <testcase classname="selenumprog.Grouptetsing" name="sub" time="0.002"/>
</testsuite> <!-- Default test -->
