<?xml version="1.0" encoding="UTF-8"?>
<!-- Generated by org.testng.reporters.JUnitXMLReporter -->
<testsuite ignored="2" hostname="DESKTOP-CDG2P57" failures="0" tests="3" name="System" time="0.041" errors="0" timestamp="2024-02-16T17:29:48 IST">
  <testcase classname="testNGPackage.Grouptst" name="add" time="0.005"/>
  <testcase classname="testNGPackage.Grouptst" name="mod" time="0.001"/>
  <testcase classname="testNGPackage.Grouptst" name="sub" time="0.002"/>
  <testcase classname="testNGPackage.Grouptst" name="mult" time="0.0">
    <ignored/>
  </testcase> <!-- mult -->
  <testcase classname="testNGPackage.Grouptst" name="div" time="0.0">
    <ignored/>
  </testcase> <!-- div -->
</testsuite> <!-- System -->
