<?xml version="1.0" encoding="UTF-8"?>
<!-- Generated by org.testng.reporters.JUnitXMLReporter -->
<testsuite ignored="3" hostname="DESKTOP-CDG2P57" failures="0" tests="2" name="Test" time="0.037" errors="0" timestamp="2024-02-16T17:28:44 IST">
  <testcase classname="testNGPackage.Grouptst" name="add" time="0.006"/>
  <testcase classname="testNGPackage.Grouptst" name="mult" time="0.001"/>
  <testcase classname="testNGPackage.Grouptst" name="sub" time="0.0">
    <ignored/>
  </testcase> <!-- sub -->
  <testcase classname="testNGPackage.Grouptst" name="mod" time="0.0">
    <ignored/>
  </testcase> <!-- mod -->
  <testcase classname="testNGPackage.Grouptst" name="div" time="0.0">
    <ignored/>
  </testcase> <!-- div -->
</testsuite> <!-- Test -->
