<?xml version="1.0" encoding="UTF-8"?>
<!-- Generated by org.testng.reporters.JUnitXMLReporter -->
<testsuite ignored="0" hostname="DESKTOP-CDG2P57" failures="0" tests="5" name="smoke Testing" time="0.041" errors="0" timestamp="2024-02-09T15:26:17 IST">
  <testcase classname="testNGPackage.FirsttestNG" name="add" time="0.006"/>
  <testcase classname="testNGPackage.Testngprog4" name="add4" time="0.002"/>
  <testcase classname="testNGPackage.Testngprog3" name="add3" time="0.001"/>
  <testcase classname="testNGPackage.Testngprog2" name="add2" time="0.0"/>
  <testcase classname="testNGPackage.Testngprog5" name="add5" time="0.001"/>
</testsuite> <!-- smoke Testing -->
